<?xml version="1.0" encoding="UTF-8"?>
<testng-results ignored="0" total="1" passed="1" failed="0" skipped="0">
  <reporter-output>
  </reporter-output>
  <suite started-at="2021-01-06T23:31:51 GMT" name="Suite1" finished-at="2021-01-06T23:32:13 GMT" duration-ms="21419">
    <groups>
    </groups>
    <test started-at="2021-01-06T23:31:51 GMT" name="SportsDirectTest" finished-at="2021-01-06T23:32:13 GMT" duration-ms="21419">
      <class name="tests.SportsdTest">
        <test-method is-config="true" signature="initDriver(java.lang.String)[pri:0, instance:tests.SportsdTest@7a675056]" started-at="2021-01-06T23:31:51 GMT" name="initDriver" finished-at="2021-01-06T23:31:55 GMT" duration-ms="4042" status="PASS">
          <params>
            <param index="0">
              <value>
                <![CDATA[chrome]]>
              </value>
            </param>
          </params>
          <reporter-output>
          </reporter-output>
        </test-method> <!-- initDriver -->
        <test-method is-config="true" signature="launchApp()[pri:0, instance:tests.SportsdTest@7a675056]" started-at="2021-01-06T23:31:55 GMT" name="launchApp" finished-at="2021-01-06T23:31:59 GMT" duration-ms="3912" status="PASS">
          <reporter-output>
          </reporter-output>
        </test-method> <!-- launchApp -->
        <test-method signature="verifySportsdLoginLogout()[pri:0, instance:tests.SportsdTest@7a675056]" started-at="2021-01-06T23:31:59 GMT" name="verifySportsdLoginLogout" finished-at="2021-01-06T23:32:13 GMT" duration-ms="13427" status="PASS">
          <reporter-output>
          </reporter-output>
        </test-method> <!-- verifySportsdLoginLogout -->
      </class> <!-- tests.SportsdTest -->
    </test> <!-- SportsDirectTest -->
  </suite> <!-- Suite1 -->
</testng-results>
