<?xml version="1.0" encoding="UTF-8"?>
<!-- Generated by org.testng.reporters.JUnitXMLReporter -->
<testsuite ignored="1" hostname="GK" failures="0" tests="1" name="SportsDirectLoginTest(failed)" time="19.702" errors="0" timestamp="2021-01-07T20:07:22 GMT">
  <testcase classname="tests.SportsdTest" name="verifySportsdLogout" time="12.087"/>
  <testcase classname="tests.SportsdTest" name="verifySportsdLogin" time="0.0">
    <ignored/>
  </testcase> <!-- verifySportsdLogin -->
</testsuite> <!-- SportsDirectLoginTest(failed) -->
